<?xml version='1.0' encoding='UTF-8'?>
<testsuite hostname="alexd-VirtualBox" name="scoundrel.mongodb.record.MongoRecordExamplesSpec" tests="6" errors="1" failures="3" skipped="1" time="18.792">
                     <properties>
[...]
</properties>
                     <testcase classname="scoundrel.mongodb.record.MongoRecordExamplesSpec" name="TstRecord example" time="0.609">
                                                 <failure message="the value is not equal to 'true'" type="java.lang.Exception">java.lang.Exception: the value is not equal to 'true'
	at scoundrel.mongodb.record.MongoRecordExamplesSpec$$anonfun$4$$anonfun$apply$1.apply$mcV$sp(MongoRecordExamplesSpec.scala:231)
	at scoundrel.mongodb.record.MongoRecordExamplesSpec$$anonfun$4$$anonfun$apply$1.apply(MongoRecordExamplesSpec.scala:204)
	at scoundrel.mongodb.record.MongoRecordExamplesSpec$$anonfun$4$$anonfun$apply$1.apply(MongoRecordExamplesSpec.scala:204)
	at net.liftweb.http.S$class.net$liftweb$http$S$$wrapQuery(S.scala:1571)
	at net.liftweb.http.S$$anonfun$net$liftweb$http$S$$_nest2InnerInit$1$$anonfun$apply$40.apply(S.scala:1727)
	at net.liftweb.http.S$class.net$liftweb$http$S$$doAround(S.scala:1500)
	at net.liftweb.http.S$$anonfun$net$liftweb$http$S$$_nest2InnerInit$1.apply(S.scala:1725)
	at net.liftweb.util.ThreadGlobal.doWith(ThreadGlobal.scala:71)
	at net.liftweb.http.S$class.net$liftweb$http$S$$_nest2InnerInit(S.scala:1724)
	at net.liftweb.http.S$$anonfun$net$liftweb$http$S$$_innerInit$1$$anonfun$apply$44$$anonfun$apply$45$$anonfun$apply$46$$anonfun$apply$47.apply(S.scala:1771)
	at net.liftweb.util.ThreadGlobal.doWith(ThreadGlobal.scala:71)
	at net.liftweb.http.S$$anonfun$withReq$2.apply(S.scala:1781)
	at net.liftweb.util.ThreadGlobal.doWith(ThreadGlobal.scala:71)
	at net.liftweb.http.S$class.withReq(S.scala:1780)
	at net.liftweb.http.S$.withReq(S.scala:46)
	at net.liftweb.http.S$$anonfun$net$liftweb$http$S$$_innerInit$1$$anonfun$apply$44$$anonfun$apply$45$$anonfun$apply$46.apply(S.scala:1766)
	at net.liftweb.util.ThreadGlobal.doWith(ThreadGlobal.scala:71)
	at net.liftweb.http.S$$anonfun$net$liftweb$http$S$$_innerInit$1$$anonfun$apply$44$$anonfun$apply$45.apply(S.scala:1764)
	at net.liftweb.util.ThreadGlobal.doWith(ThreadGlobal.scala:71)
	at net.liftweb.http.S$$anonfun$net$liftweb$http$S$$_innerInit$1$$anonfun$apply$44.apply(S.scala:1763)
	at net.liftweb.util.ThreadGlobal.doWith(ThreadGlobal.scala:71)
	at net.liftweb.http.S$$anonfun$net$liftweb$http$S$$_innerInit$1.apply(S.scala:1762)
	at net.liftweb.util.ThreadGlobal.doWith(ThreadGlobal.scala:71)
	at net.liftweb.http.S$class.net$liftweb$http$S$$_innerInit(S.scala:1761)
	at net.liftweb.http.S$$anonfun$net$liftweb$http$S$$_init$2$$anonfun$apply$52$$anonfun$apply$53$$anonfun$apply$54$$anonfun$apply$55$$anonfun$apply$56.apply(S.scala:1804)
	at net.liftweb.util.ThreadGlobal.doWith(ThreadGlobal.scala:71)
	at net.liftweb.http.S$$anonfun$net$liftweb$http$S$$_init$2$$anonfun$apply$52$$anonfun$apply$53$$anonfun$apply$54$$anonfun$apply$55.apply(S.scala:1802)
	at net.liftweb.http.CoreRequestVarHandler$$anonfun$apply$16$$anonfun$apply$17$$anonfun$apply$18$$anonfun$apply$19.apply(Vars.scala:611)
	at net.liftweb.util.ThreadGlobal.doWith(ThreadGlobal.scala:71)
	at net.liftweb.http.CoreRequestVarHandler$$anonfun$apply$16$$anonfun$apply$17$$anonfun$apply$18.apply(Vars.scala:610)
	at net.liftweb.util.ThreadGlobal.doWith(ThreadGlobal.scala:71)
	at net.liftweb.http.CoreRequestVarHandler$$anonfun$apply$16$$anonfun$apply$17.apply(Vars.scala:609)
	at net.liftweb.util.ThreadGlobal.doWith(ThreadGlobal.scala:71)
	at net.liftweb.http.CoreRequestVarHandler$$anonfun$apply$16.apply(Vars.scala:608)
	at net.liftweb.util.ThreadGlobal.doWith(ThreadGlobal.scala:71)
	at net.liftweb.http.CoreRequestVarHandler$class.apply(Vars.scala:607)
	at net.liftweb.http.RequestVarHandler$.apply(Vars.scala:507)
	at net.liftweb.http.S$$anonfun$net$liftweb$http$S$$_init$2$$anonfun$apply$52$$anonfun$apply$53$$anonfun$apply$54.apply(S.scala:1801)
	at net.liftweb.http.CoreRequestVarHandler$$anonfun$apply$16$$anonfun$apply$17$$anonfun$apply$18$$anonfun$apply$19.apply(Vars.scala:611)
	at net.liftweb.util.ThreadGlobal.doWith(ThreadGlobal.scala:71)
	at net.liftweb.http.CoreRequestVarHandler$$anonfun$apply$16$$anonfun$apply$17$$anonfun$apply$18.apply(Vars.scala:610)
	at net.liftweb.util.ThreadGlobal.doWith(ThreadGlobal.scala:71)
	at net.liftweb.http.CoreRequestVarHandler$$anonfun$apply$16$$anonfun$apply$17.apply(Vars.scala:609)
	at net.liftweb.util.ThreadGlobal.doWith(ThreadGlobal.scala:71)
	at net.liftweb.http.CoreRequestVarHandler$$anonfun$apply$16.apply(Vars.scala:608)
	at net.liftweb.util.ThreadGlobal.doWith(ThreadGlobal.scala:71)
	at net.liftweb.http.CoreRequestVarHandler$class.apply(Vars.scala:607)
	at net.liftweb.http.TransientRequestVarHandler$.apply(Vars.scala:520)
	at net.liftweb.http.S$$anonfun$net$liftweb$http$S$$_init$2$$anonfun$apply$52$$anonfun$apply$53.apply(S.scala:1800)
	at net.liftweb.util.ThreadGlobal.doWith(ThreadGlobal.scala:71)
	at net.liftweb.http.S$$anonfun$net$liftweb$http$S$$_init$2$$anonfun$apply$52.apply(S.scala:1799)
	at net.liftweb.util.ThreadGlobal.doWith(ThreadGlobal.scala:71)
	at net.liftweb.http.S$$anonfun$net$liftweb$http$S$$_init$2.apply(S.scala:1798)
	at net.liftweb.util.ThreadGlobal.doWith(ThreadGlobal.scala:71)
	at net.liftweb.http.S$class.net$liftweb$http$S$$_init(S.scala:1797)
	at net.liftweb.http.S$class.init(S.scala:1375)
	at net.liftweb.http.S$.init(S.scala:46)
	at net.liftweb.http.S$class.initIfUninitted(S.scala:2198)
	at net.liftweb.http.S$.initIfUninitted(S.scala:46)
	at scoundrel.mongodb.record.MongoRecordExamplesSpec$$anonfun$4.apply(MongoRecordExamplesSpec.scala:204)
	at scoundrel.mongodb.record.MongoRecordExamplesSpec$$anonfun$4.apply(MongoRecordExamplesSpec.scala:200)
</failure>
                                               </testcase><testcase classname="scoundrel.mongodb.record.MongoRecordExamplesSpec" name="Ref example" time="0.229">
                                                 <failure message="the value is not equal to 'true'" type="java.lang.Exception">java.lang.Exception: the value is not equal to 'true'
	at scoundrel.mongodb.record.MongoRecordExamplesSpec$$anonfun$5.apply(MongoRecordExamplesSpec.scala:321)
	at scoundrel.mongodb.record.MongoRecordExamplesSpec$$anonfun$5.apply(MongoRecordExamplesSpec.scala:267)
</failure>
                                               </testcase><testcase classname="scoundrel.mongodb.record.MongoRecordExamplesSpec" name="List example" time="0.166">
                                                 <failure message="the value is not equal to 'true'" type="java.lang.Exception">java.lang.Exception: the value is not equal to 'true'
	at scoundrel.mongodb.record.MongoRecordExamplesSpec$$anonfun$15.apply(MongoRecordExamplesSpec.scala:428)
	at scoundrel.mongodb.record.MongoRecordExamplesSpec$$anonfun$15.apply(MongoRecordExamplesSpec.scala:398)
</failure>
                                               </testcase><testcase classname="scoundrel.mongodb.record.MongoRecordExamplesSpec" name="Map Example" time="0.203">
                                                 
                                               </testcase><testcase classname="scoundrel.mongodb.record.MongoRecordExamplesSpec" name="Optional Example" time="17.585">
                                                 <error message="Mongo not found: ConnectionIdentifier(lift)" type="com.mongodb.MongoException">com.mongodb.MongoException: Mongo not found: ConnectionIdentifier(lift)
	at scoundrel.mongodb.MongoDB$.use(Mongo.scala:74)
	at scoundrel.mongodb.record.MongoTestKit$$anonfun$after$1.apply(MongoTestKit.scala:76)
	at scoundrel.mongodb.record.MongoTestKit$$anonfun$after$1.apply(MongoTestKit.scala:75)
	at scoundrel.mongodb.record.MongoTestKit$class.after(MongoTestKit.scala:75)
	at scoundrel.mongodb.record.MongoRecordExamplesSpec.after(MongoRecordExamplesSpec.scala:193)
	at scoundrel.mongodb.record.MongoRecordExamplesSpec.after(MongoRecordExamplesSpec.scala:193)
</error>
                                               </testcase><testcase classname="scoundrel.mongodb.record.MongoRecordExamplesSpec" name="Strict Example" time="0.0">
                                                 <skipped/>
                                               </testcase>
                     <system-out></system-out>
                     <system-err></system-err>
                   </testsuite>