<?xml version='1.0' encoding='UTF-8'?>
<testsuite hostname="alexd-VirtualBox" name="scoundrel.mongodb.record.field.EnumFieldSpec" tests="4" errors="1" failures="0" skipped="3" time="0.217">
                     <properties>
[...]
</properties>
                     <testcase classname="scoundrel.mongodb.record.field.EnumFieldSpec" name="EnumField should::work with default values" time="0.217">
                                                 <error message="Mongo not found: ConnectionIdentifier(lift)" type="com.mongodb.MongoException">com.mongodb.MongoException: Mongo not found: ConnectionIdentifier(lift)
	at scoundrel.mongodb.MongoDB$.use(Mongo.scala:74)
	at scoundrel.mongodb.record.MongoTestKit$$anonfun$after$1.apply(MongoTestKit.scala:76)
	at scoundrel.mongodb.record.MongoTestKit$$anonfun$after$1.apply(MongoTestKit.scala:75)
	at scoundrel.mongodb.record.MongoTestKit$class.after(MongoTestKit.scala:75)
	at scoundrel.mongodb.record.field.EnumFieldSpec.after(EnumFieldSpec.scala:71)
	at scoundrel.mongodb.record.field.EnumFieldSpec.after(EnumFieldSpec.scala:71)
</error>
                                               </testcase><testcase classname="scoundrel.mongodb.record.field.EnumFieldSpec" name="EnumField should::work with set values" time="0.0">
                                                 <skipped/>
                                               </testcase><testcase classname="scoundrel.mongodb.record.field.EnumFieldSpec" name="EnumField should::work with Empty optional values" time="0.0">
                                                 <skipped/>
                                               </testcase><testcase classname="scoundrel.mongodb.record.field.EnumFieldSpec" name="EnumField should::work with Full optional values" time="0.0">
                                                 <skipped/>
                                               </testcase>
                     <system-out></system-out>
                     <system-err></system-err>
                   </testsuite>